<?xml version="1.0" encoding="UTF-8"?>
<testsuites name="hello1" time="146.262" tests="1" failures="0" errors="0">
   <testsuite name="hello1" tests="1" failures="0" errors="0" time="146.262" skipped="0" timestamp="2022-06-28 00:10:03" hostname="TUU$ - tuu" id="Test Suites/hello1">
      <properties>
         <property name="deviceName" value=""/>
         <property name="devicePlatform" value=""/>
         <property name="logFolder" value="C:\\Users\\vuvan\\OneDrive\\Desktop\\katalon\\katalon_test_jenkins\\Reports\\20220628_000812\\hello1\\20220628_000814"/>
         <property name="logFiles" value="C:\\Users\\vuvan\\OneDrive\\Desktop\\katalon\\katalon_test_jenkins\\Reports\\20220628_000812\\hello1\\20220628_000814\\execution0.log"/>
         <property name="attachments" value=""/>
         <property name="hostName" value="TUU$ - tuu"/>
         <property name="os" value="Windows 10 64bit"/>
         <property name="katalonVersion" value="8.3.5.208"/>
         <property name="browser" value="Chrome 102.0.5005.115"/>
         <property name="hostAddress" value="192.168.1.20"/>
         <property name="sessionId" value="74f404e8a2505a998643badbfcda27b9"/>
         <property name="seleniumVersion" value="3.141.59"/>
         <property name="proxyInformation" value="ProxyInformation { proxyOption=NO_PROXY, proxyServerType=HTTP, username=, password=********, proxyServerAddress=, proxyServerPort=0, executionList=&quot;&quot;, isApplyToDesiredCapabilities=true }"/>
         <property name="platform" value="Windows 10"/>
      </properties>
      <testcase name="Test Cases/hello1" time="140.578" classname="Test Cases/hello1" status="PASSED">
         <system-out><![CDATA[2022-06-28 00:10:08 - [TEST_CASE][PASSED] - Test Cases/hello1: Test Cases/hello1

2022-06-28 00:10:15 - [TEST_STEP][PASSED] - openBrowser(""): Browser is opened with url: ''

2022-06-28 00:10:20 - [MESSAGE][INFO] - Starting 'Chrome' driver

2022-06-28 00:10:21 - [MESSAGE][INFO] - Action delay is set to 0 milliseconds

2022-06-28 00:11:45 - [MESSAGE][PASSED] - Browser is opened with url: ''

2022-06-28 00:11:45 - [TEST_STEP][PASSED] - navigateToUrl("https://opensource-demo.orangehrmlive.com/"): Navigate to 'https://opensource-demo.orangehrmlive.com/' successfully

2022-06-28 00:11:59 - [MESSAGE][PASSED] - Navigate to 'https://opensource-demo.orangehrmlive.com/' successfully

2022-06-28 00:11:59 - [TEST_STEP][PASSED] - setText(findTestObject("Object Repository/Page_OrangeHRM/input_LOGIN Panel_txtUsername"), "Admin"): Text 'Admin' is set on object 'Object Repository/Page_OrangeHRM/input_LOGIN Panel_txtUsername'

2022-06-28 00:12:05 - [MESSAGE][PASSED] - Text 'Admin' is set on object 'Object Repository/Page_OrangeHRM/input_LOGIN Panel_txtUsername'

2022-06-28 00:12:05 - [TEST_STEP][PASSED] - setEncryptedText(findTestObject("Object Repository/Page_OrangeHRM/input_Username_txtPassword"), "hUKwJTbofgPU9eVlw/CnDQ=="): Text ****** has been set on object 'Object Repository/Page_OrangeHRM/input_Username_txtPassword'

2022-06-28 00:12:10 - [MESSAGE][PASSED] - Text ****** has been set on object 'Object Repository/Page_OrangeHRM/input_Username_txtPassword'

2022-06-28 00:12:10 - [TEST_STEP][PASSED] - click(findTestObject("Object Repository/Page_OrangeHRM/input_Password_Submit")): Object: 'Object Repository/Page_OrangeHRM/input_Password_Submit' is clicked on

2022-06-28 00:12:21 - [MESSAGE][PASSED] - Object: 'Object Repository/Page_OrangeHRM/input_Password_Submit' is clicked on

2022-06-28 00:12:21 - [TEST_STEP][PASSED] - verifyElementText(findTestObject("Object Repository/Page_OrangeHRM/h1_Dashboard"), "Dashboard"): Actual text and expected text of test object 'Object Repository/Page_OrangeHRM/h1_Dashboard' are matched.

2022-06-28 00:12:29 - [MESSAGE][PASSED] - Actual text and expected text of test object 'Object Repository/Page_OrangeHRM/h1_Dashboard' are matched.]]></system-out>
         <system-err><![CDATA[]]></system-err>
      </testcase>
      <system-out><![CDATA[2022-06-28 00:10:03 - [TEST_SUITE][PASSED] - hello1: Test Cases/hello1]]></system-out>
      <system-err><![CDATA[]]></system-err>
   </testsuite>
</testsuites>
